[audio.offload.buffer.size.kb]: [32]
[audio.offload.gapless.enabled]: [false]
[audio.offload.video]: [true]
[bluetooth.hfp.client]: [1]
[camera2.portability.force_api]: [1]
[dalvik.vm.dex2oat-Xms]: [64m]
[dalvik.vm.dex2oat-Xmx]: [512m]
[dalvik.vm.heapgrowthlimit]: [96m]
[dalvik.vm.heapmaxfree]: [8m]
[dalvik.vm.heapminfree]: [2m]
[dalvik.vm.heapsize]: [256m]
[dalvik.vm.heapstartsize]: [8m]
[dalvik.vm.heaptargetutilization]: [0.75]
[dalvik.vm.image-dex2oat-Xms]: [64m]
[dalvik.vm.image-dex2oat-Xmx]: [64m]
[dalvik.vm.isa.arm.features]: [default]
[dalvik.vm.isa.arm.variant]: [krait]
[dalvik.vm.lockprof.threshold]: [500]
[dalvik.vm.stack-trace-file]: [/data/anr/traces.txt]
[debug.atrace.tags.enableflags]: [0]
[debug.composition.type]: [c2d]
[debug.egl.hw]: [1]
[debug.mdpcomp.4k2kSplit]: [1]
[debug.mdpcomp.logs]: [0]
[debug.sf.hw]: [1]
[dev.pm.dyn_samplingrate]: [1]
[init.svc.adbd]: [running]
[init.svc.bootanim]: [running]
[init.svc.charger_monitor]: [restarting]
[init.svc.config_bluetooth]: [stopped]
[init.svc.console]: [running]
[init.svc.debuggerd]: [running]
[init.svc.drm]: [running]
[init.svc.gatekeeperd]: [running]
[init.svc.healthd]: [running]
[init.svc.installd]: [running]
[init.svc.irsc_util]: [stopped]
[init.svc.keystore]: [running]
[init.svc.lmkd]: [running]
[init.svc.logd]: [running]
[init.svc.logd-reinit]: [stopped]
[init.svc.media]: [running]
[init.svc.netd]: [running]
[init.svc.perfprofd]: [running]
[init.svc.qcom-c_core-sh]: [stopped]
[init.svc.qcom-c_main-sh]: [stopped]
[init.svc.qcom-sh]: [stopped]
[init.svc.qcom-usb-sh]: [stopped]
[init.svc.qseecomd]: [running]
[init.svc.ril-daemon]: [running]
[init.svc.servicemanager]: [running]
[init.svc.surfaceflinger]: [running]
[init.svc.time_daemon]: [running]
[init.svc.ueventd]: [running]
[init.svc.vold]: [running]
[init.svc.wcnss-service]: [running]
[init.svc.zygote]: [running]
[keyguard.no_require_sim]: [true]
[media.aac_51_output_enabled]: [true]
[media.stagefright.enable-aac]: [true]
[media.stagefright.enable-fma2dp]: [true]
[media.stagefright.enable-http]: [true]
[media.stagefright.enable-player]: [true]
[media.stagefright.enable-qcp]: [true]
[media.stagefright.enable-scan]: [true]
[media.stagefright.use-awesome]: [true]
[mm.enable.qcom_parser]: [37491]
[mm.enable.smoothstreaming]: [true]
[mmp.enable.3g2]: [true]
[net.bt.name]: [Android]
[net.change]: [net.tcp.usercfg.lte]
[net.tcp.buffersize.default]: [4096,87380,110208,4096,16384,110208]
[net.tcp.buffersize.edge]: [4093,26280,35040,4096,16384,35040]
[net.tcp.buffersize.evdo]: [4094,87380,262144,4096,16384,262144]
[net.tcp.buffersize.gprs]: [4092,8760,11680,4096,8760,11680]
[net.tcp.buffersize.hsdpa]: [4094,87380,1220608,4096,16384,1220608]
[net.tcp.buffersize.hspa]: [4094,87380,1220608,4096,16384,1220608]
[net.tcp.buffersize.hspap]: [4094,87380,1220608,4096,16384,1220608]
[net.tcp.buffersize.hsupa]: [4094,87380,1220608,4096,16384,1220608]
[net.tcp.buffersize.lte]: [524288,1048576,2097152,262144,524288,1048576]
[net.tcp.buffersize.umts]: [4094,87380,110208,4096,16384,110208]
[net.tcp.buffersize.wifi]: [524288,2097152,4194304,262144,524288,1048576]
[net.tcp.default_init_rwnd]: [60]
[net.tcp.delack.default]: [1]
[net.tcp.delack.lte]: [8]
[net.tcp.delack.wifi]: [20]
[net.tcp.usercfg.default]: [0]
[net.tcp.usercfg.lte]: [1]
[net.tcp.usercfg.wifi]: [1]
[persist.audio.fluence.speaker]: [true]
[persist.audio.fluence.voicecall]: [true]
[persist.audio.fluence.voicerec]: [false]
[persist.cne.feature]: [1]
[persist.data.netmgrd.qos.enable]: [true]
[persist.debug.wfd.enable]: [1]
[persist.demo.hdmirotationlock]: [false]
[persist.fuse_sdcard]: [true]
[persist.hwc.mdpcomp.enable]: [true]
[persist.radio.apm_sim_not_pwdn]: [1]
[persist.speaker.prot.enable]: [false]
[persist.sys.dalvik.vm.lib.2]: [libart.so]
[persist.sys.strict_op_enable]: [false]
[persist.sys.usb.config]: [diag,serial_smd,serial_tty,rmnet_bam,mass_storage,adb]
[persist.sys.usb.config.extra]: [none]
[persist.sys.wfd.virtual]: [0]
[persist.sys.whitelist]: [/system/etc/whitelist_appops.xml]
[persist.timed.enable]: [true]
[qcom.hw.aac.encoder]: [true]
[ro.allow.mock.location]: [0]
[ro.baseband]: [msm]
[ro.bluetooth.alwaysbleon]: [true]
[ro.bluetooth.dun]: [true]
[ro.bluetooth.hfp.ver]: [1.7]
[ro.bluetooth.sap]: [true]
[ro.board.platform]: [msm8974]
[ro.boot.baseband]: [msm]
[ro.boot.colorver]: [04]
[ro.boot.emmc]: [true]
[ro.boot.fotainfo]: [0]
[ro.boot.hardware]: [qcom]
[ro.boot.hotstandby]: [2]
[ro.boot.pmicinfo]: [0]
[ro.boot.recovery]: [0]
[ro.boot.selinux]: [permissive]
[ro.boot.serialno]: [356593050937428]
[ro.boot.wakeinfo]: [32]
[ro.bootimage.build.date]: [2016年 12月 24日 星期六 17:51:09 CST]
[ro.bootimage.build.date.utc]: [1482573069]
[ro.bootimage.build.fingerprint]: [sharp/PA23/PA23:6.0.1/MMB29M/root12241750:userdebug/test-keys]
[ro.bootloader]: [unknown]
[ro.bootmode]: [unknown]
[ro.build.characteristics]: [default]
[ro.build.date]: [2016年 12月 24日 星期六 17:50:36 CST]
[ro.build.date.utc]: [1482573036]
[ro.build.description]: [PA23-userdebug 6.0.1 MMB29M eng.root.20161224.174953 test-keys]
[ro.build.display.id]: [PA23-userdebug 6.0.1 MMB29M eng.root.20161224.174953 test-keys]
[ro.build.fingerprint]: [sharp/PA23/PA23:6.0.1/MMB29M/root12241750:userdebug/test-keys]
[ro.build.flavor]: [PA23-userdebug]
[ro.build.host]: [Mint17-buildbot]
[ro.build.id]: [MMB29M]
[ro.build.product]: [PA23]
[ro.build.tags]: [test-keys]
[ro.build.type]: [userdebug]
[ro.build.user]: [root]
[ro.build.version.all_codenames]: [REL]
[ro.build.version.base_os]: []
[ro.build.version.codename]: [REL]
[ro.build.version.incremental]: [eng.root.20161224.174953]
[ro.build.version.preview_sdk]: [0]
[ro.build.version.release]: [6.0.1]
[ro.build.version.sdk]: [23]
[ro.build.version.security_patch]: [2016-03-01]
[ro.carrier]: [unknown]
[ro.com.android.dataroaming]: [true]
[ro.config.alarm_alert]: [Alarm_Classic.ogg]
[ro.config.notification_sound]: [pixiedust.ogg]
[ro.config.ringtone]: [Ring_Synth_04.ogg]
[ro.crypto.state]: [unencrypted]
[ro.dalvik.vm.native.bridge]: [0]
[ro.data.large_tcp_window_size]: [true]
[ro.debuggable]: [1]
[ro.expect.recovery_id]: [0x9997da7edd71f292bf75d477fb6b31b8da2ff5fd000000000000000000000000]
[ro.frp.pst]: [/dev/block/bootdevice/by-name/config]
[ro.hardware]: [qcom]
[ro.hdmi.enable]: [true]
[ro.hwui.drop_shadow_cache_size]: [6]
[ro.hwui.gradient_cache_size]: [1]
[ro.hwui.layer_cache_size]: [48]
[ro.hwui.path_cache_size]: [32]
[ro.hwui.r_buffer_cache_size]: [8]
[ro.hwui.text_large_cache_height]: [1024]
[ro.hwui.text_large_cache_width]: [2048]
[ro.hwui.text_small_cache_height]: [1024]
[ro.hwui.text_small_cache_width]: [1024]
[ro.hwui.texture_cache_flushrate]: [0.4]
[ro.hwui.texture_cache_size]: [72]
[ro.nfc.port]: [I2C]
[ro.opengles.version]: [196608]
[ro.product.board]: [MSM8974]
[ro.product.brand]: [sharp]
[ro.product.cpu.abi]: [armeabi-v7a]
[ro.product.cpu.abi2]: [armeabi]
[ro.product.cpu.abilist]: [armeabi-v7a,armeabi]
[ro.product.cpu.abilist32]: [armeabi-v7a,armeabi]
[ro.product.cpu.abilist64]: []
[ro.product.device]: [PA23]
[ro.product.locale]: [en-US]
[ro.product.manufacturer]: [unknown]
[ro.product.model]: [PA23]
[ro.product.name]: [PA23]
[ro.qc.sdk.audio.fluencetype]: [none]
[ro.qc.sdk.audio.ssr]: [false]
[ro.qc.sdk.camera.facialproc]: [false]
[ro.qc.sdk.gestures.camera]: [false]
[ro.qc.sdk.sensors.gestures]: [true]
[ro.qualcomm.bluetooth.ftp]: [true]
[ro.qualcomm.bluetooth.hfp]: [true]
[ro.qualcomm.bluetooth.hsp]: [true]
[ro.qualcomm.bluetooth.map]: [true]
[ro.qualcomm.bluetooth.nap]: [true]
[ro.qualcomm.bluetooth.opp]: [true]
[ro.qualcomm.bluetooth.pbap]: [true]
[ro.qualcomm.bt.hci_transport]: [smd]
[ro.qualcomm.cabl]: [1]
[ro.revision]: [0]
[ro.secure]: [1]
[ro.serialno]: [356593050937428]
[ro.sf.lcd_density]: [320]
[ro.telephony.call_ring.multiple]: [false]
[ro.use_data_netmgrd]: [true]
[ro.vendor.extension_library]: [libqti-perfd-client.so]
[ro.wakeinfo]: [32]
[ro.wifi.channels]: []
[ro.zygote]: [zygote32]
[selinux.reload_policy]: [1]
[service.bootanim.exit]: [0]
[sys.settings_secure_version]: [3]
[sys.sysctl.extra_free_kbytes]: [24300]
[sys.usb.config]: [diag,serial_smd,serial_tty,rmnet_bam,mass_storage,adb]
[sys.usb.configfs]: [0]
[sys.usb.state]: [diag,serial_smd,serial_tty,rmnet_bam,mass_storage,adb]
[telephony.lteOnCdmaDevice]: [1]
[tunnel.audio.encode]: [false]
[use.voice.path.for.pcm.voip]: [true]
[vidc.debug.level]: [1]
[vold.has_adoptable]: [1]
[vold.post_fs_data_done]: [1]
[wifi.interface]: [wlan0]
[wlan.driver.ath]: [0]
[wlan.driver.config]: [/data/misc/wifi/WCNSS_qcom_cfg.ini]
