[DEVICE_PROVISIONED]: [1]
[bluetooth.hciattach]: [false]
[bluetooth.status]: [off]
[dalvik.vm.heapgrowthlimit]: [128m]
[dalvik.vm.heapmaxfree]: [8m]
[dalvik.vm.heapminfree]: [512k]
[dalvik.vm.heapsize]: [384m]
[dalvik.vm.heapstartsize]: [8m]
[dalvik.vm.heaptargetutilization]: [0.25]
[dalvik.vm.stack-trace-file]: [/data/anr/traces.txt]
[debug.composition.type]: [c2d]
[debug.egl.hw]: [1]
[debug.mdpcomp.logs]: [0]
[debug.sf.hw]: [1]
[dev.bootcomplete]: [1]
[dev.pm.dyn_samplingrate]: [1]
[dolby.audio.sink.info]: [speaker]
[drm.service.enabled]: [true]
[gsm.current.phone-type]: [1]
[gsm.operator.alpha]: []
[gsm.operator.iso-country]: []
[gsm.operator.isroaming]: [false]
[gsm.operator.numeric]: []
[gsm.sim.state]: [ABSENT]
[gsm.version.baseband]: [00.00.00]
[gsm.version.ril-impl]: [Qualcomm RIL 1.0]
[init.svc.adbd]: [running]
[init.svc.atfwd]: [running]
[init.svc.bootanim]: [stopped]
[init.svc.config_bluetooth]: [stopped]
[init.svc.ddtcps]: [running]
[init.svc.debuggerd]: [running]
[init.svc.dmmd]: [running]
[init.svc.drm]: [running]
[init.svc.flash_recovery]: [stopped]
[init.svc.fotad]: [running]
[init.svc.fs_service]: [running]
[init.svc.hciattach]: [stopped]
[init.svc.ims_rtp_daemon]: [running]
[init.svc.imsdatadaemon]: [running]
[init.svc.imsqmidaemon]: [running]
[init.svc.init_wifi_eapsim]: [stopped]
[init.svc.installd]: [running]
[init.svc.irsc_util]: [stopped]
[init.svc.keystore]: [running]
[init.svc.logd]: [running]
[init.svc.media]: [running]
[init.svc.mpdecision]: [running]
[init.svc.mwdlfont]: [running]
[init.svc.netd]: [running]
[init.svc.netmgrd]: [running]
[init.svc.port-bridge]: [running]
[init.svc.qcamerasvr]: [running]
[init.svc.qcom-c_core-sh]: [stopped]
[init.svc.qcom-c_main-sh]: [stopped]
[init.svc.qcom-post-boot]: [stopped]
[init.svc.qcom-sh]: [stopped]
[init.svc.qcom-usb-sh]: [stopped]
[init.svc.qmuxd]: [running]
[init.svc.qrngd]: [running]
[init.svc.qrngp]: [stopped]
[init.svc.qseecomd]: [running]
[init.svc.ril-daemon]: [running]
[init.svc.ril-qmi]: [stopped]
[init.svc.rmt_storage]: [running]
[init.svc.sceservice]: [running]
[init.svc.sdservice]: [running]
[init.svc.security-check1]: [stopped]
[init.svc.security-check2]: [stopped]
[init.svc.selfcheckserver]: [running]
[init.svc.servicemanager]: [running]
[init.svc.shbatt_process]: [running]
[init.svc.shchg_process]: [running]
[init.svc.shdisp_process]: [running]
[init.svc.shrmts_usr]: [running]
[init.svc.shusb_process]: [running]
[init.svc.ssr_diag]: [running]
[init.svc.ssrdump]: [running]
[init.svc.surfaceflinger]: [running]
[init.svc.thermal-engine]: [running]
[init.svc.time_daemon]: [running]
[init.svc.ueventd]: [running]
[init.svc.uim-daemon]: [stopped]
[init.svc.usbmgrinitd]: [stopped]
[init.svc.usf-post-boot]: [stopped]
[init.svc.vold]: [running]
[init.svc.wcnss-service]: [running]
[init.svc.zygote]: [running]
[keyguard.no_require_sim]: [true]
[lpa.decode]: [false]
[lpa.use-stagefright]: [true]
[media.aac_51_output_enabled]: [true]
[media.stagefright.enable-aac]: [true]
[media.stagefright.enable-fma2dp]: [true]
[media.stagefright.enable-http]: [true]
[media.stagefright.enable-player]: [true]
[media.stagefright.enable-qcp]: [true]
[media.stagefright.enable-scan]: [true]
[mmp.enable.3g2]: [true]
[motionemoji.defaultsize]: [54]
[net.bt.name]: [Android]
[net.change]: [net.qtaguid_enabled]
[net.hostname]: [android-9197f0928e0f1c90]
[net.qtaguid_enabled]: [1]
[net.tcp.buffersize.default]: [4096,87380,165312,4096,16384,110208]
[net.tcp.buffersize.edge]: [4093,26280,35040,4096,16384,35040]
[net.tcp.buffersize.evdo]: [4094,87380,262144,4096,16384,262144]
[net.tcp.buffersize.gprs]: [4092,8760,17520,4096,8760,11680]
[net.tcp.buffersize.hsdpa]: [4094,87380,1220608,4096,16384,1220608]
[net.tcp.buffersize.hspa]: [4094,87380,1220608,4096,16384,1220608]
[net.tcp.buffersize.hspap]: [4094,87380,1220608,4096,16384,1220608]
[net.tcp.buffersize.hsupa]: [4094,87380,1220608,4096,16384,1220608]
[net.tcp.buffersize.lte]: [524288,1048576,2097152,262144,524288,1048576]
[net.tcp.buffersize.umts]: [4094,87380,165312,4096,16384,110208]
[net.tcp.buffersize.wifi]: [524288,1048576,2097152,262144,524288,1048576]
[persist.audio.fluence.mode]: [endfire]
[persist.audio.handset.mic]: [analog]
[persist.audio.lowlatency.rec]: [false]
[persist.audio.vr.enable]: [false]
[persist.cne.feature]: [0]
[persist.data.netmgrd.qos.enable]: [true]
[persist.data_netmgrd_mtu]: [1340]
[persist.debug.wfd.enable]: [1]
[persist.demo.hdmirotationlock]: [false]
[persist.gps.qc_nlp_in_use]: [0]
[persist.hwc.mdpcomp.enable]: [true]
[persist.radio.adb_log_on]: [0]
[persist.radio.apm_sim_not_pwdn]: [1]
[persist.radio.clir]: [2]
[persist.radio.data_no_toggle]: [1]
[persist.radio.eons.enabled]: [false]
[persist.radio.no_cons_man_roam]: [1]
[persist.radio.report_rstate]: [1]
[persist.radio.support_subaddr]: [0]
[persist.rild.nitz_long_ons_0]: []
[persist.rild.nitz_long_ons_1]: []
[persist.rild.nitz_long_ons_2]: []
[persist.rild.nitz_long_ons_3]: []
[persist.rild.nitz_plmn]: []
[persist.rild.nitz_short_ons_0]: []
[persist.rild.nitz_short_ons_1]: []
[persist.rild.nitz_short_ons_2]: []
[persist.rild.nitz_short_ons_3]: []
[persist.service.adb.enable]: []
[persist.service.bdroid.bdaddr]: [22:22:8b:1c:be:6e]
[persist.speaker.prot.enable]: [false]
[persist.sys.country]: [CN]
[persist.sys.language]: [zh]
[persist.sys.profiler_ms]: [0]
[persist.sys.touch.ecomode]: [0]
[persist.sys.touch.guard]: [0]
[persist.sys.usb.config]: [mtp,adb]
[persist.sys.wfd.virtual]: [0]
[persist.telephony.oosisdc]: [false]
[persist.timed.enable]: [true]
[persist.uimd.nfc_init]: [false]
[qcom.audio.init]: [complete]
[qcom.bt.dev_power_class]: [2]
[qcom.hw.aac.encoder]: [true]
[qcom.thermal]: [thermal-engine]
[ril.ecclist]: [911,*911,#911,112,000,08,110,999,118,119]
[ril.qcril_pre_init_lock_held]: [0]
[ril.subscription.types]: [NV,RUIM]
[ril.uim.absentcheck]: [1]
[ril.uim.det]: [0]
[ril.uim.hotswap]: [NONE]
[rild.libargs]: [-d /dev/smd0]
[rild.libpath]: [/vendor/lib/libril-qc-qmi-1.so]
[ro.adb.secure]: [1]
[ro.allow.mock.location]: [0]
[ro.baseband]: [msm]
[ro.bluetooth.hfp.ver]: [1.6]
[ro.board.platform]: [msm8974]
[ro.boot.baseband]: [msm]
[ro.boot.emmc]: [true]
[ro.boot.hardware]: [qcom]
[ro.boot.recovery]: [0]
[ro.boot.serialno]: [356593050937428]
[ro.boot.wakeinfo]: [65535]
[ro.bootloader]: [unknown]
[ro.bootmode]: [unknown]
[ro.bt.bdaddr_path]: [/data/misc/bluetooth/bdaddr]
[ro.build.characteristics]: [default]
[ro.build.date.utc]: [1434379014]
[ro.build.date]: [2015年  6月 15日 月曜日 23:36:54 JST]
[ro.build.description]: [SBM303SH-user 4.2.2 S0030 00.00.00 release-keys]
[ro.build.display.id]: [S0030]
[ro.build.fingerprint]: [SBM/SBM303SH/SBM303SH:4.2.2/S0030/00.00.00:user/release-keys]
[ro.build.host]: [TG7X1903]
[ro.build.id]: [S0030]
[ro.build.product]: [SBM303SH]
[ro.build.tags]: [release-keys]
[ro.build.type]: [user]
[ro.build.user]: [sharp]
[ro.build.version.codename]: [REL]
[ro.build.version.incremental]: [00.00.00]
[ro.build.version.release]: [4.2.2]
[ro.build.version.sdk]: [17]
[ro.camera.sound.forced]: [1]
[ro.carrier]: [unknown]
[ro.com.android.dataroaming]: [false]
[ro.com.android.dateformat]: [MM-dd-yyyy]
[ro.com.google.clientidbase.am]: [android-softbank-jp]
[ro.com.google.clientidbase.gmm]: [android-sharp]
[ro.com.google.clientidbase.ms]: [android-sharp]
[ro.com.google.clientidbase.yt]: [android-sharp]
[ro.com.google.clientidbase]: [android-sharp]
[ro.com.google.gmsversion]: [4.2_r4]
[ro.config.alarm_alert]: [Alarm_Classic.ogg]
[ro.config.libemoji]: [libemoji_sbm.so]
[ro.config.libmotionemoji]: [libmotionemoji_impl.so]
[ro.config.notification_sound]: [pixiedust.ogg]
[ro.config.ringtone]: [Ring_Synth_04.ogg]
[ro.crypto.fuse_sdcard]: [false]
[ro.crypto.state]: [unsupported]
[ro.debuggable]: [0]
[ro.dlna.supprot.mpeg2]: [false]
[ro.dlna.supprot.securedownload]: [false]
[ro.factorytest]: [0]
[ro.hardware]: [qcom]
[ro.hdmi.enable]: [true]
[ro.mtp.manufacturer]: [SOFTBANK MOBILE Corp.]
[ro.mvp.features]: [grbks,vpncrt,vpn,mvpdsec,srvc,mvpdaff,ftx]
[ro.opengles.version]: [131072]
[ro.pmicinfo]: [0]
[ro.product.board]: [SBM303SH]
[ro.product.brand]: [SBM]
[ro.product.cpu.abi2]: [armeabi]
[ro.product.cpu.abi]: [armeabi-v7a]
[ro.product.device]: [SBM303SH]
[ro.product.locale.language]: [zh]
[ro.product.locale.region]: [CN]
[ro.product.manufacturer]: [SHARP]
[ro.product.model]: [SBM303SH]
[ro.product.name]: [SBM303SH]
[ro.qc.sdk.audio.fluencetype]: [fluence]
[ro.qc.sdk.audio.ssr]: [false]
[ro.qc.sdk.camera.facialproc]: [false]
[ro.qc.sdk.izat.premium_enabled]: [0]
[ro.qc.sdk.izat.service_mask]: [0x0]
[ro.qc.sdk.sensors.gestures]: [true]
[ro.qualcomm.bluetooth.dun]: [true]
[ro.qualcomm.bluetooth.ftp]: [true]
[ro.qualcomm.bluetooth.hfp]: [true]
[ro.qualcomm.bluetooth.hsp]: [true]
[ro.qualcomm.bluetooth.map]: [true]
[ro.qualcomm.bluetooth.nap]: [true]
[ro.qualcomm.bluetooth.opp]: [true]
[ro.qualcomm.bluetooth.pbap]: [true]
[ro.qualcomm.bluetooth.sap]: [true]
[ro.qualcomm.bt.hci_transport]: [smd]
[ro.qualcomm.cabl]: [0]
[ro.revision]: [0]
[ro.ril.svdo]: [false]
[ro.ril.svlte1x]: [false]
[ro.runtime.firstboot]: [86435568]
[ro.secure]: [1]
[ro.serialno]: [356593050937428]
[ro.setupwizard.mode]: [DISABLED]
[ro.sf.lcd_density]: [480]
[ro.sh_build.id]: [S0030]
[ro.sh_build.version.incremental]: [00.00.00]
[ro.system_color]: [04]
[ro.telephony.call_ring.multiple]: [false]
[ro.use_data_netmgrd]: [true]
[ro.vendor.extension_library]: [/vendor/lib/libqc-opt.so]
[ro.wifi.channels]: []
[service.bootanim.exit]: [1]
[sys.boot_completed]: [1]
[sys.hotstandby]: [0]
[sys.ims.DATA_DAEMON_STATUS]: [1]
[sys.ims.QMI_DAEMON_STATUS]: [1]
[sys.media.vdec.sw]: [0]
[sys.settings_ex_system_version]: [2]
[sys.settings_global_version]: [6]
[sys.settings_secure_version]: [16]
[sys.settings_system_version]: [3]
[sys.usb.config]: [mtp,adb]
[sys.usb.state]: [mtp,adb]
[system_init.startsurfaceflinger]: [0]
[tunnel.audiovideo.decode]: [false]
[tunnel.decode]: [true]
[vold.post_fs_data_done]: [1]
[wifi.interface]: [wlan0]
[wlan.crda.country]: [00]
[wlan.driver.config]: [/data/misc/wifi/WCNSS_qcom_cfg.ini]
